  SimulacionSIR.cpp
<<<<<<< HEAD
\\Mac\Home\Desktop\UCR\Semestre I\Programacion Paralela\CPP\openmp\openmp_elianortega\SimulacionSIR\SimulacionSIR\SimulacionSIR.cpp(17,15): warning C4244: 'argument': conversion from 'time_t' to 'unsigned int', possible loss of data
\\Mac\Home\Desktop\UCR\Semestre I\Programacion Paralela\CPP\openmp\openmp_elianortega\SimulacionSIR\SimulacionSIR\SimulacionSIR.cpp(27,20): warning C4305: 'initializing': truncation from 'double' to 'float'
\\Mac\Home\Desktop\UCR\Semestre I\Programacion Paralela\CPP\openmp\openmp_elianortega\SimulacionSIR\SimulacionSIR\SimulacionSIR.cpp(35,13): warning C4244: 'initializing': conversion from 'float' to 'int', possible loss of data
\\Mac\Home\Desktop\UCR\Semestre I\Programacion Paralela\CPP\openmp\openmp_elianortega\SimulacionSIR\SimulacionSIR\SimulacionSIR.cpp(58,17): warning C4244: 'initializing': conversion from 'double' to 'int', possible loss of data
\\Mac\Home\Desktop\UCR\Semestre I\Programacion Paralela\CPP\openmp\openmp_elianortega\SimulacionSIR\SimulacionSIR\SimulacionSIR.cpp(60,18): warning C4244: 'initializing': conversion from 'double' to 'int', possible loss of data
\\Mac\Home\Desktop\UCR\Semestre I\Programacion Paralela\CPP\openmp\openmp_elianortega\SimulacionSIR\SimulacionSIR\SimulacionSIR.cpp(94,27): warning C4018: '<': signed/unsigned mismatch
\\Mac\Home\Desktop\UCR\Semestre I\Programacion Paralela\CPP\openmp\openmp_elianortega\SimulacionSIR\SimulacionSIR\SimulacionSIR.cpp(104,31): warning C4018: '<': signed/unsigned mismatch
\\Mac\Home\Desktop\UCR\Semestre I\Programacion Paralela\CPP\openmp\openmp_elianortega\SimulacionSIR\SimulacionSIR\SimulacionSIR.cpp(105,35): warning C4018: '<': signed/unsigned mismatch
  Generating code
  3 of 451 functions ( 0.7%) were compiled, the rest were copied from previous compilation.
    0 functions were new in current compilation
    5 functions had inline decision re-evaluated but remain unchanged
  Finished generating code
  SimulacionSIR.vcxproj -> \\Mac\Home\Desktop\UCR\Semestre I\Programacion Paralela\CPP\openmp\openmp_elianortega\SimulacionSIR\SimulacionSIR\Release\SimulacionSIR.exe
=======
C:\Users\Ronald León Morales\Documents\UCR\paralela\simulacion_sir_openmp\SimulacionSIR.cpp(17,15): warning C4244: 'argumento': conversión de 'time_t' a 'unsigned int'; posible pérdida de datos
C:\Users\Ronald León Morales\Documents\UCR\paralela\simulacion_sir_openmp\SimulacionSIR.cpp(23,20): warning C4305: 'inicializando': truncamiento de 'double' a 'float'
C:\Users\Ronald León Morales\Documents\UCR\paralela\simulacion_sir_openmp\SimulacionSIR.cpp(27,20): warning C4305: 'inicializando': truncamiento de 'double' a 'float'
C:\Users\Ronald León Morales\Documents\UCR\paralela\simulacion_sir_openmp\SimulacionSIR.cpp(35,13): warning C4244: 'inicializando': conversión de 'float' a 'int'; posible pérdida de datos
C:\Users\Ronald León Morales\Documents\UCR\paralela\simulacion_sir_openmp\SimulacionSIR.cpp(46,17): warning C4244: 'inicializando': conversión de 'double' a 'int'; posible pérdida de datos
C:\Users\Ronald León Morales\Documents\UCR\paralela\simulacion_sir_openmp\SimulacionSIR.cpp(48,18): warning C4244: 'inicializando': conversión de 'double' a 'int'; posible pérdida de datos
C:\Users\Ronald León Morales\Documents\UCR\paralela\simulacion_sir_openmp\SimulacionSIR.cpp(52,9): warning C4068: pragma desconocida
C:\Users\Ronald León Morales\Documents\UCR\paralela\simulacion_sir_openmp\SimulacionSIR.cpp(86,31): warning C4018: '<': no coinciden signed/unsigned
C:\Users\Ronald León Morales\Documents\UCR\paralela\simulacion_sir_openmp\SimulacionSIR.cpp(97,31): warning C4018: '<': no coinciden signed/unsigned
C:\Users\Ronald León Morales\Documents\UCR\paralela\simulacion_sir_openmp\SimulacionSIR.cpp(101,41): warning C4244: 'inicializando': conversión de 'int' a 'float'; posible pérdida de datos
C:\Users\Ronald León Morales\Documents\UCR\paralela\simulacion_sir_openmp\SimulacionSIR.cpp(135,31): warning C4018: '<': no coinciden signed/unsigned
C:\Users\Ronald León Morales\Documents\UCR\paralela\simulacion_sir_openmp\SimulacionSIR.cpp(138,41): warning C4244: 'inicializando': conversión de 'int' a 'float'; posible pérdida de datos
  Generando código
  1 of 303 functions ( 0.3%) were compiled, the rest were copied from previous compilation.
    0 functions were new in current compilation
    0 functions had inline decision re-evaluated but remain unchanged
  Generación de código finalizada
  SimulacionSIR.vcxproj -> C:\Users\Ronald León Morales\Documents\UCR\paralela\simulacion_sir_openmp\Release\SimulacionSIR.exe
>>>>>>> 6fa7e2bbf29635e3f0270971f957d918f1419633
